<?xml version="1.0" encoding="UTF-8"?>
<!-- Generated by org.testng.reporters.JUnitReportReporter -->
<testsuite hostname="DESKTOP-AUNOB26" failures="0" tests="4" name="TestCase.LoginPageText" time="101.110" errors="0" timestamp="2022-08-06T13:36:12 IST" skipped="0">
  <testcase classname="TestCase.LoginPageText" name="LoginToAppTest" time="26.110"/>
  <testcase classname="TestCase.LoginPageText" name="verifyKiteLogoTest" time="18.703"/>
  <testcase classname="TestCase.LoginPageText" name="GetTitleTest" time="15.373"/>
  <testcase classname="TestCase.LoginPageText" name="verifyZerodhaLogoTest" time="40.924"/>
</testsuite> <!-- TestCase.LoginPageText -->
