<?xml version="1.0" encoding="UTF-8"?>
<!-- Generated by org.testng.reporters.JUnitReportReporter -->
<testsuite hostname="DESKTOP-AUNOB26" failures="0" tests="3" name="TestCase.DashBoardPageTest" time="116.028" errors="0" timestamp="2022-08-02T14:22:13 IST" skipped="0">
  <testcase classname="TestCase.DashBoardPageTest" name="VerifyusernameTest" time="26.915"/>
  <testcase classname="TestCase.DashBoardPageTest" name="PlaceGTTorder" time="41.051"/>
  <testcase classname="TestCase.DashBoardPageTest" name="VerifyemaiidTest" time="48.062"/>
</testsuite> <!-- TestCase.DashBoardPageTest -->
